<?xml version="1.0" encoding="UTF-8"?>
<testng-results ignored="0" total="1" passed="1" failed="0" skipped="0">
  <reporter-output>
  </reporter-output>
  <suite started-at="2022-01-19T22:35:48 IST" name="Suite" finished-at="2022-01-19T22:35:54 IST" duration-ms="6051">
    <groups>
    </groups>
    <test started-at="2022-01-19T22:35:48 IST" name="Test" finished-at="2022-01-19T22:35:54 IST" duration-ms="6051">
      <class name="Day4.TestNGParameterization">
        <test-method signature="setup(java.lang.String)[pri:0, instance:Day4.TestNGParameterization@35841320]" started-at="2022-01-19T22:35:48 IST" name="setup" finished-at="2022-01-19T22:35:54 IST" duration-ms="6019" status="PASS">
          <params>
            <param index="0">
              <value>
                <![CDATA[chrome]]>
              </value>
            </param>
          </params>
          <reporter-output>
          </reporter-output>
        </test-method> <!-- setup -->
      </class> <!-- Day4.TestNGParameterization -->
    </test> <!-- Test -->
  </suite> <!-- Suite -->
</testng-results>
